TN:
SF:src/database.js
FNF:0
FNH:0
DA:1,1
DA:3,1
DA:9,1
LF:3
LH:3
BRF:0
BRH:0
end_of_record
TN:
SF:src/server.js
FN:9,(anonymous_0)
FNF:1
FNH:1
FNDA:1,(anonymous_0)
DA:1,1
DA:2,1
DA:3,1
DA:5,1
DA:6,1
DA:8,1
DA:9,1
DA:10,1
DA:12,1
LF:9
LH:9
BRDA:8,0,0,1
BRDA:8,0,1,1
BRF:2
BRH:2
end_of_record
TN:
SF:src/api/users.js
FN:5,(anonymous_0)
FNF:1
FNH:1
FNDA:5,(anonymous_0)
DA:1,1
DA:2,1
DA:3,1
DA:5,1
DA:6,5
DA:8,5
DA:9,5
DA:10,4
DA:12,1
DA:13,1
DA:14,0
DA:16,1
DA:17,0
DA:19,1
DA:20,0
DA:23,1
DA:24,1
DA:27,0
DA:28,0
DA:32,1
LF:20
LH:15
BRDA:9,0,0,4
BRDA:9,0,1,1
BRDA:9,1,0,5
BRDA:9,1,1,4
BRDA:9,1,2,3
BRDA:9,1,3,2
BRDA:13,2,0,0
BRDA:13,2,1,1
BRDA:16,3,0,0
BRDA:16,3,1,1
BRDA:19,4,0,0
BRDA:19,4,1,1
BRF:12
BRH:9
end_of_record
